#auto generated file!
6.0;0.0;0.0;0.0
12.0;0.0;0.15;0.0
18.0;0.0;0.15;0.0
24.0;0.0;0.25;0.0
30.0;0.5892857142857143;1.5999999999999999;0.0
36.0;0.5535714285714286;0.8;0.0
42.0;1.7678571428571428;1.85;0.0
48.0;1.6785714285714286;1.35;0.0
54.0;2.0892857142857144;1.7000000000000002;0.0
60.0;1.0357142857142858;0.8;0.0
66.0;0.6785714285714286;0.3;0.0
72.0;1.0357142857142858;1.05;0.0
78.0;0.9107142857142857;3.1999999999999997;0.0
84.0;0.26785714285714285;1.5;0.0
90.0;0.32142857142857145;0.8500000000000001;0.0
96.0;0.5892857142857143;1.5;0.0
102.0;0.6785714285714286;1.6;0.0
108.0;1.5357142857142858;2.6500000000000004;0.0
114.0;1.7142857142857142;0.65;0.0
120.0;1.375;1.1;0.0
126.0;0.625;0.44999999999999996;0.0
132.0;0.35714285714285715;0.44999999999999996;0.0
138.0;0.10714285714285714;0.3;0.0
144.0;0.16071428571428573;0.0;0.0
150.0;0.05357142857142857;0.6;0.0
156.0;0.375;0.9;0.0
162.0;0.375;0.44999999999999996;0.0
168.0;0.10714285714285714;0.6;0.0
174.0;1.0714285714285714;0.8500000000000001;0.0
180.0;0.9464285714285714;0.8499999999999999;0.0
186.0;1.2678571428571428;0.8500000000000001;0.0
192.0;0.875;0.44999999999999996;0.0
198.0;0.8928571428571429;0.9;0.0
204.0;1.0178571428571428;0.75;0.0
210.0;0.8035714285714286;0.9;0.0
216.0;0.4107142857142857;0.15;0.0
222.0;0.5892857142857143;0.44999999999999996;0.0
228.0;0.375;1.95;0.0
234.0;2.0357142857142856;1.05;0.0
240.0;1.125;1.45;0.0
246.0;0.9285714285714286;0.55;0.0
252.0;0.8571428571428571;0.4;0.0
258.0;0.9107142857142857;0.44999999999999996;0.0
264.0;0.7857142857142857;2.15;0.0
270.0;1.1071428571428572;2.1999999999999997;0.0
276.0;0.625;1.75;0.0
282.0;1.625;0.85;0.0
288.0;1.3214285714285714;1.7;0.0
294.0;1.2142857142857142;0.75;0.0
300.0;0.6071428571428571;2.55;0.0
306.0;0.42857142857142855;0.44999999999999996;0.0
312.0;0.625;0.3;0.0
318.0;0.26785714285714285;0.55;0.0
324.0;0.3392857142857143;0.75;0.0
330.0;0.7857142857142857;0.9500000000000001;0.0
336.0;0.9107142857142857;0.85;0.0
342.0;1.6428571428571428;1.5499999999999998;0.0
348.0;1.0;0.2;0.0
354.0;1.3035714285714286;0.44999999999999996;0.0
360.0;1.3928571428571428;0.9;0.0
366.0;0.08928571428571429;0.3;0.0
372.0;0.19642857142857142;1.2;0.0
378.0;0.21428571428571427;0.3;0.0
384.0;0.05357142857142857;0.6;0.0
390.0;0.05357142857142857;0.3;0.0
396.0;0.10714285714285714;1.2;0.0
402.0;0.6071428571428571;1.2;0.0
408.0;1.4464285714285714;2.4;0.0
414.0;1.8035714285714286;1.8499999999999999;0.0
420.0;2.0714285714285716;2.25;0.0
426.0;1.0535714285714286;0.8;0.0
432.0;2.0714285714285716;2.2;0.0
438.0;2.5714285714285716;1.6;0.0
444.0;1.7857142857142858;1.9500000000000002;0.0
450.0;1.7142857142857142;0.75;0.0
456.0;0.875;0.75;0.0
462.0;2.0;0.9;0.0
468.0;2.392857142857143;1.0;0.0
474.0;2.3392857142857144;1.55;0.0
480.0;1.7857142857142858;0.55;0.0
486.0;0.875;0.4;0.0
492.0;0.5178571428571429;1.4;0.0
498.0;0.5;0.75;0.0
504.0;0.7142857142857143;0.8500000000000001;0.0
510.0;0.05357142857142857;0.75;0.0
516.0;0.26785714285714285;0.75;0.0
522.0;0.21428571428571427;0.44999999999999996;0.0
528.0;0.6428571428571429;0.6;0.0
534.0;1.2321428571428572;0.6;0.0
540.0;0.5892857142857143;1.0;0.0
546.0;0.6428571428571429;0.0;0.0
552.0;0.5714285714285714;0.9500000000000001;0.0
558.0;0.6964285714285714;1.35;0.0
564.0;0.5;1.4;0.0
570.0;0.375;1.5;0.0
576.0;0.6785714285714286;1.7999999999999998;0.0
582.0;1.3928571428571428;0.85;0.0
588.0;2.25;1.6;0.0
594.0;2.3214285714285716;2.55;0.0
600.0;2.392857142857143;2.15;0.0
606.0;1.2321428571428572;1.7;0.0
612.0;1.4464285714285714;0.15;0.0
618.0;1.8214285714285714;3.5;0.0
624.0;2.107142857142857;1.5;0.0
630.0;0.875;1.7000000000000002;0.0
636.0;1.1964285714285714;1.65;0.0
642.0;1.0178571428571428;2.5999999999999996;0.0
648.0;2.517857142857143;0.55;0.0
654.0;1.5178571428571428;1.15;0.0
660.0;1.2321428571428572;0.44999999999999996;0.0
666.0;0.26785714285714285;0.8999999999999999;0.0
672.0;0.10714285714285714;0.0;0.0
678.0;0.16071428571428573;0.3;0.0
684.0;0.21428571428571427;0.9;0.0
690.0;0.05357142857142857;0.3;0.0
696.0;0.48214285714285715;0.4;0.0
702.0;0.7321428571428571;0.7;0.0
708.0;1.5178571428571428;1.05;0.0
714.0;1.5;0.7;0.0
720.0;1.8571428571428572;1.0499999999999998;0.0
726.0;0.875;0.55;0.0
732.0;0.6785714285714286;0.85;0.0
738.0;0.39285714285714285;0.65;0.0
744.0;0.16071428571428573;1.2;0.0
750.0;0.05357142857142857;0.6;0.0
756.0;0.21428571428571427;1.35;0.0
762.0;0.7142857142857143;0.44999999999999996;0.0
768.0;2.125;0.75;0.0
774.0;1.6071428571428572;1.0499999999999998;0.0
780.0;1.8035714285714286;1.7;0.0
786.0;2.0714285714285716;1.75;0.0
792.0;2.5357142857142856;2.65;0.0
798.0;2.25;1.45;0.0
804.0;1.9642857142857142;0.9;0.0
810.0;0.4642857142857143;0.0;0.0
816.0;0.9464285714285714;1.85;0.0
822.0;1.4821428571428572;1.8;0.0
828.0;2.25;0.15;0.0
834.0;0.9107142857142857;0.9500000000000001;0.0
840.0;1.25;0.55;0.0
846.0;1.0535714285714286;0.8500000000000001;0.0
852.0;0.35714285714285715;0.7000000000000001;0.0
858.0;1.0892857142857142;0.25;0.0
864.0;1.0892857142857142;0.15;0.0
870.0;0.6964285714285714;0.5;0.0
876.0;0.35714285714285715;1.2500000000000002;0.0
882.0;1.1428571428571428;0.75;0.0
888.0;0.6071428571428571;0.9500000000000001;0.0
894.0;1.2857142857142858;0.6;0.0
900.0;0.26785714285714285;0.15;0.0
906.0;0.05357142857142857;0.6;0.0
912.0;0.26785714285714285;0.75;0.0
918.0;0.3392857142857143;0.3;0.0
924.0;0.5714285714285714;0.44999999999999996;0.0
930.0;0.7678571428571429;0.55;0.0
936.0;0.9642857142857143;2.5;0.0
942.0;1.3214285714285714;1.9000000000000001;0.0
948.0;3.2142857142857144;0.75;0.0
954.0;3.607142857142857;2.2;0.0
960.0;2.517857142857143;0.85;0.0
966.0;1.5357142857142858;0.3;0.0
972.0;1.3214285714285714;1.95;0.0
978.0;1.6607142857142858;0.3;0.0
984.0;1.2321428571428572;0.44999999999999996;0.0
990.0;1.6607142857142858;0.55;0.0
996.0;2.6785714285714284;1.5;0.0
1002.0;2.267857142857143;0.35;0.0
1008.0;2.1785714285714284;1.7500000000000002;0.0
1014.0;2.5892857142857144;1.2000000000000002;0.0
1020.0;1.9821428571428572;1.05;0.0
1026.0;0.8571428571428571;0.8;0.0
1032.0;0.5535714285714286;1.2999999999999998;0.0
1038.0;0.32142857142857145;0.6;0.0
1044.0;0.21428571428571427;0.65;0.0
1050.0;0.16071428571428573;0.3;0.0
1056.0;0.0;0.3;0.0
1062.0;0.32142857142857145;1.0;0.0
1068.0;1.2142857142857142;0.44999999999999996;0.0
1074.0;1.4285714285714286;1.2000000000000002;0.0
1080.0;0.9642857142857143;1.65;0.0
1086.0;0.8928571428571429;1.1;0.0
1092.0;0.8214285714285714;0.85;0.0
1098.0;0.6071428571428571;0.15;0.0
1104.0;1.2678571428571428;1.6;0.0
1110.0;0.7142857142857143;2.35;0.0
1116.0;0.6964285714285714;1.9;0.0
1122.0;0.75;0.6;0.0
1128.0;2.4107142857142856;0.6;0.0
1134.0;1.4642857142857142;1.1;0.0
1140.0;0.8928571428571429;0.4;0.0
1146.0;2.267857142857143;1.9;0.0
1152.0;2.1964285714285716;0.95;0.0
1158.0;2.5535714285714284;2.7;0.0
1164.0;3.392857142857143;1.1;0.0
1170.0;1.1785714285714286;1.3;0.0
1176.0;1.6607142857142858;3.0;0.0
1182.0;1.6428571428571428;1.5;0.0
1188.0;1.9107142857142858;0.55;0.0
1194.0;1.6071428571428572;0.9;0.0
1200.0;1.3928571428571428;0.6;0.0
1206.0;0.32142857142857145;1.2;0.0
1212.0;0.05357142857142857;0.44999999999999996;0.0
1218.0;0.26785714285714285;0.75;0.0
1224.0;0.17857142857142858;0.3;0.0
1230.0;0.3392857142857143;0.85;0.0
1236.0;1.0357142857142858;1.85;0.0
1242.0;1.3214285714285714;0.7000000000000001;0.0
1248.0;1.2857142857142858;0.75;0.0
1254.0;1.4821428571428572;1.4000000000000001;0.0
1260.0;1.8392857142857142;0.55;0.0
1266.0;0.6964285714285714;0.6499999999999999;0.0
1272.0;0.26785714285714285;0.8999999999999999;0.0
1278.0;0.25;0.15;0.0
1284.0;0.32142857142857145;0.2;0.0
1290.0;0.4107142857142857;0.6;0.0
1296.0;1.2678571428571428;1.6;0.0
1302.0;1.8928571428571428;0.6000000000000001;0.0
1308.0;3.4642857142857144;0.9;0.0
1314.0;3.7857142857142856;1.8;0.0
1320.0;2.8035714285714284;0.9500000000000001;0.0
1326.0;3.3035714285714284;1.2;0.0
1332.0;0.9107142857142857;0.55;0.0
1338.0;0.48214285714285715;1.0;0.0
1344.0;0.26785714285714285;0.25;0.0
1350.0;0.0;0.15;0.0
1356.0;0.42857142857142855;0.44999999999999996;0.0
1362.0;0.75;1.3499999999999999;0.0
1368.0;1.5178571428571428;0.75;0.0
1374.0;2.2142857142857144;1.85;0.0
1380.0;2.0357142857142856;0.6;0.0
1386.0;2.25;1.15;0.0
1392.0;0.9642857142857143;0.9500000000000001;0.0
1398.0;0.5;0.25;0.0
1404.0;0.6607142857142857;0.95;0.0
1410.0;0.39285714285714285;0.3;0.0
1416.0;0.375;0.44999999999999996;0.0
1422.0;0.375;0.0;0.0
1428.0;0.6607142857142857;0.8999999999999999;0.0
1434.0;0.48214285714285715;0.3;0.0
1440.0;0.9285714285714286;0.7500000000000001;0.0
1446.0;0.9107142857142857;0.9;0.0
1452.0;0.6607142857142857;0.7000000000000001;0.0
1458.0;0.9285714285714286;1.2000000000000002;0.0
1464.0;0.8928571428571429;0.65;0.0
1470.0;0.9285714285714286;1.25;0.0
1476.0;0.16071428571428573;0.75;0.0
1482.0;0.35714285714285715;0.85;0.0
1488.0;1.9107142857142858;1.7999999999999998;0.0
1494.0;0.5357142857142857;0.75;0.0
1500.0;1.7678571428571428;1.4000000000000001;0.0
1506.0;1.0178571428571428;0.9;0.0
1512.0;2.1785714285714284;4.2;0.0
1518.0;1.7678571428571428;1.4;0.0
1524.0;0.9821428571428571;2.35;0.0
1530.0;1.5892857142857142;2.55;0.0
1536.0;1.9821428571428572;0.44999999999999996;0.0
1542.0;1.2857142857142858;1.1;0.0
1548.0;1.2142857142857142;1.45;0.0
1554.0;1.7857142857142858;0.75;0.0
1560.0;0.6607142857142857;1.85;0.0
1566.0;0.625;1.9500000000000002;0.0
1572.0;0.10714285714285714;0.75;0.0
1578.0;0.10714285714285714;1.5;0.0
1584.0;0.05357142857142857;0.05;0.0
1590.0;0.0;0.3;0.0
1596.0;0.4107142857142857;1.1;0.0
1602.0;0.05357142857142857;0.6;0.0
1608.0;0.7142857142857143;0.95;0.0
1614.0;1.0;0.95;0.0
1620.0;1.125;1.25;0.0
1626.0;0.2857142857142857;1.7500000000000002;0.0
1632.0;0.14285714285714285;1.05;0.0
1638.0;0.16071428571428573;0.3;0.0
1644.0;0.05357142857142857;0.15;0.0
1650.0;0.16071428571428573;0.5;0.0
1656.0;0.6428571428571429;1.2;0.0
1662.0;0.5357142857142857;1.2;0.0
1668.0;1.3035714285714286;0.6;0.0
1674.0;2.8214285714285716;0.35;0.0
1680.0;2.9464285714285716;2.0;0.0
1686.0;2.267857142857143;1.55;0.0
1692.0;1.6428571428571428;0.65;0.0
1698.0;1.3928571428571428;1.9;0.0
1704.0;1.4285714285714286;2.55;0.0
1710.0;0.8928571428571429;2.3;0.0
1716.0;0.7678571428571429;3.5999999999999996;0.0
1722.0;0.5357142857142857;1.65;0.0
1728.0;1.2857142857142858;0.75;0.0
1734.0;1.3928571428571428;0.6;0.0
1740.0;0.32142857142857145;1.25;0.0
1746.0;0.5714285714285714;0.6;0.0
1752.0;0.14285714285714285;0.0;0.0
1758.0;0.42857142857142855;0.9500000000000001;0.0
1764.0;0.6785714285714286;0.25;0.0
1770.0;0.75;1.05;0.0
1776.0;0.25;1.4;0.0
1782.0;0.5178571428571429;1.15;0.0
1788.0;2.0;0.6;0.0
1794.0;1.125;0.8999999999999999;0.0
